GreenTipsAlpha1/app/build/intermediates/manifest_merge_blame_file/debug/manifest-merger-blame-debug-report.txt
1<?xml version="1.0" encoding="utf-8"?>
2<manifest xmlns:android="http://schemas.android.com/apk/res/android"
3    package="com.example.greentipsalpha1"
4    android:versionCode="1"
5    android:versionName="1.0" >
6
7    <uses-sdk
8        android:minSdkVersion="26"
8-->src\main\AndroidManifest.xml
9        android:targetSdkVersion="30" />
9-->src\main\AndroidManifest.xml
10
11    <application
<<<<<<< HEAD
11-->src\main\AndroidManifest.xml:5:5-39:19
=======
11-->src\main\AndroidManifest.xml:5:5-44:19
>>>>>>> development_hamo
12        android:allowBackup="true"
12-->src\main\AndroidManifest.xml:6:9-35
13        android:appComponentFactory="androidx.core.app.CoreComponentFactory"
13-->[androidx.core:core:1.3.1] AndroidManifest.xml:24:18-86
14        android:debuggable="true"
15        android:extractNativeLibs="false"
16        android:icon="@mipmap/ic_launcher"
16-->src\main\AndroidManifest.xml:7:9-43
17        android:label="@string/app_name"
17-->src\main\AndroidManifest.xml:8:9-41
18        android:roundIcon="@mipmap/ic_launcher_round"
18-->src\main\AndroidManifest.xml:9:9-54
19        android:supportsRtl="true"
19-->src\main\AndroidManifest.xml:10:9-35
20        android:testOnly="true"
21        android:theme="@style/AppTheme" >
<<<<<<< HEAD
21-->src\main\AndroidManifest.xml:11:9-40
22        <activity android:name="com.example.greentipsalpha1.ContactForm" />
22-->src\main\AndroidManifest.xml:12:9-58
22-->src\main\AndroidManifest.xml:12:19-46
23        <activity android:name="com.example.greentipsalpha1.slidecreatortransport" />
23-->src\main\AndroidManifest.xml:13:9-59
23-->src\main\AndroidManifest.xml:13:19-56
24        <activity android:name="com.example.greentipsalpha1.slidecreatoroutdoors" />
24-->src\main\AndroidManifest.xml:14:9-58
24-->src\main\AndroidManifest.xml:14:19-55
25        <activity android:name="com.example.greentipsalpha1.slidecreatorsocial" />
25-->src\main\AndroidManifest.xml:15:9-56
25-->src\main\AndroidManifest.xml:15:19-53
26        <activity android:name="com.example.greentipsalpha1.slidecreatorworklife" />
26-->src\main\AndroidManifest.xml:16:9-58
26-->src\main\AndroidManifest.xml:16:19-55
27        <activity android:name="com.example.greentipsalpha1.slidecreatorhousehold" />
27-->src\main\AndroidManifest.xml:17:9-59
27-->src\main\AndroidManifest.xml:17:19-56
28        <activity android:name="com.example.greentipsalpha1.socialTips" />
28-->src\main\AndroidManifest.xml:18:9-48
28-->src\main\AndroidManifest.xml:18:19-45
29        <activity android:name="com.example.greentipsalpha1.outdoorsTips" />
29-->src\main\AndroidManifest.xml:19:9-50
29-->src\main\AndroidManifest.xml:19:19-47
30        <activity android:name="com.example.greentipsalpha1.worklifeTips" />
30-->src\main\AndroidManifest.xml:20:9-50
30-->src\main\AndroidManifest.xml:20:19-47
31        <activity android:name="com.example.greentipsalpha1.householdTips" />
31-->src\main\AndroidManifest.xml:21:9-51
31-->src\main\AndroidManifest.xml:21:19-48
32        <activity
32-->src\main\AndroidManifest.xml:22:9-24:55
33            android:name="com.example.greentipsalpha1.schedule"
33-->src\main\AndroidManifest.xml:23:13-37
34            android:windowSoftInputMode="adjustPan" />
34-->src\main\AndroidManifest.xml:24:13-52
35        <activity android:name="com.example.greentipsalpha1.splashscreen" >
35-->src\main\AndroidManifest.xml:25:9-31:20
35-->src\main\AndroidManifest.xml:25:19-47
36            <intent-filter>
36-->src\main\AndroidManifest.xml:26:13-30:29
37                <action android:name="android.intent.action.MAIN" />
37-->src\main\AndroidManifest.xml:27:17-69
37-->src\main\AndroidManifest.xml:27:25-66
38
39                <category android:name="android.intent.category.LAUNCHER" />
39-->src\main\AndroidManifest.xml:29:17-77
39-->src\main\AndroidManifest.xml:29:27-74
40            </intent-filter>
41        </activity>
42        <activity
42-->src\main\AndroidManifest.xml:32:9-34:59
43            android:name="com.example.greentipsalpha1.transportTips"
43-->src\main\AndroidManifest.xml:33:13-42
44            android:windowSoftInputMode="adjustNothing" />
44-->src\main\AndroidManifest.xml:34:13-56
45        <activity android:name="com.example.greentipsalpha1.choose_category" />
45-->src\main\AndroidManifest.xml:35:9-53
45-->src\main\AndroidManifest.xml:35:19-50
46        <activity android:name="com.example.greentipsalpha1.about" />
46-->src\main\AndroidManifest.xml:36:9-43
46-->src\main\AndroidManifest.xml:36:19-40
47        <activity android:name="com.example.greentipsalpha1.choose_lang" />
47-->src\main\AndroidManifest.xml:37:9-49
47-->src\main\AndroidManifest.xml:37:19-46
48        <activity android:name="com.example.greentipsalpha1.welcome" />
48-->src\main\AndroidManifest.xml:38:9-45
48-->src\main\AndroidManifest.xml:38:19-42
=======
21-->src\main\AndroidManifest.xml:11:9-40
22        <activity android:name="com.example.greentipsalpha1.slidecreatortransport" />
22-->src\main\AndroidManifest.xml:13:9-58
22-->src\main\AndroidManifest.xml:13:19-56
23        <activity android:name="com.example.greentipsalpha1.slidecreatoroutdoors" />
23-->src\main\AndroidManifest.xml:14:9-57
23-->src\main\AndroidManifest.xml:14:19-55
24        <activity android:name="com.example.greentipsalpha1.slidecreatorsocial" />
24-->src\main\AndroidManifest.xml:15:9-55
24-->src\main\AndroidManifest.xml:15:19-53
25        <activity android:name="com.example.greentipsalpha1.slidecreatorworklife" />
25-->src\main\AndroidManifest.xml:16:9-57
25-->src\main\AndroidManifest.xml:16:19-55
26        <activity android:name="com.example.greentipsalpha1.slidecreatorhousehold" />
26-->src\main\AndroidManifest.xml:17:9-58
26-->src\main\AndroidManifest.xml:17:19-56
27        <activity android:name="com.example.greentipsalpha1.socialTips" />
27-->src\main\AndroidManifest.xml:19:9-48
27-->src\main\AndroidManifest.xml:19:19-45
28        <activity android:name="com.example.greentipsalpha1.outdoorsTips" />
28-->src\main\AndroidManifest.xml:20:9-50
28-->src\main\AndroidManifest.xml:20:19-47
29        <activity android:name="com.example.greentipsalpha1.worklifeTips" />
29-->src\main\AndroidManifest.xml:21:9-50
29-->src\main\AndroidManifest.xml:21:19-47
30        <activity android:name="com.example.greentipsalpha1.householdTips" />
30-->src\main\AndroidManifest.xml:22:9-51
30-->src\main\AndroidManifest.xml:22:19-48
31        <activity
31-->src\main\AndroidManifest.xml:24:9-26:55
32            android:name="com.example.greentipsalpha1.schedule"
32-->src\main\AndroidManifest.xml:25:13-37
33            android:windowSoftInputMode="adjustPan" />
33-->src\main\AndroidManifest.xml:26:13-52
34        <activity android:name="com.example.greentipsalpha1.splashscreen" >
34-->src\main\AndroidManifest.xml:28:9-33:20
34-->src\main\AndroidManifest.xml:28:19-47
35            <intent-filter>
35-->src\main\AndroidManifest.xml:29:13-32:29
36                <action android:name="android.intent.action.MAIN" />
36-->src\main\AndroidManifest.xml:30:17-69
36-->src\main\AndroidManifest.xml:30:25-66
37
38                <category android:name="android.intent.category.LAUNCHER" />
38-->src\main\AndroidManifest.xml:31:17-77
38-->src\main\AndroidManifest.xml:31:27-74
39            </intent-filter>
40        </activity>
41        <activity
41-->src\main\AndroidManifest.xml:35:9-37:59
42            android:name="com.example.greentipsalpha1.transportTips"
42-->src\main\AndroidManifest.xml:36:13-42
43            android:windowSoftInputMode="adjustNothing" />
43-->src\main\AndroidManifest.xml:37:13-56
44        <activity android:name="com.example.greentipsalpha1.choose_category" />
44-->src\main\AndroidManifest.xml:39:9-53
44-->src\main\AndroidManifest.xml:39:19-50
45        <activity android:name="com.example.greentipsalpha1.help" />
45-->src\main\AndroidManifest.xml:40:9-42
45-->src\main\AndroidManifest.xml:40:19-39
46        <activity android:name="com.example.greentipsalpha1.about" />
46-->src\main\AndroidManifest.xml:41:9-43
46-->src\main\AndroidManifest.xml:41:19-40
47        <activity android:name="com.example.greentipsalpha1.choose_lang" />
47-->src\main\AndroidManifest.xml:42:9-49
47-->src\main\AndroidManifest.xml:42:19-46
48        <activity android:name="com.example.greentipsalpha1.welcome" />
48-->src\main\AndroidManifest.xml:43:9-45
48-->src\main\AndroidManifest.xml:43:19-42
>>>>>>> development_hamo
49    </application>
50
51</manifest>